
Jan 27, 2018 12:26:29.29 NEW SESSION
Jan 27, 2018 12:26:29.29 Unable to read VR Path Registry from C:\Users\sridi\AppData\Local\openvr\openvrpaths.vrpath
Jan 27, 2018 12:26:29.29 [Parent 13084, Gecko_IOThread] WARNING: pipe error: 109: file z:/build/build/src/ipc/chromium/src/chrome/common/ipc_channel_win.cc, line 346
Jan 27, 2018 12:32:59.70 [Parent 13084, Gecko_IOThread] WARNING: pipe error: 109: file z:/build/build/src/ipc/chromium/src/chrome/common/ipc_channel_win.cc, line 346
Jan 27, 2018 12:32:59.71 [Parent 13084, Gecko_IOThread] WARNING: pipe error: 109: file z:/build/build/src/ipc/chromium/src/chrome/common/ipc_channel_win.cc, line 346
Jan 27, 2018 12:32:59.72 Unable to read VR Path Registry from C:\Users\sridi\AppData\Local\openvr\openvrpaths.vrpath
Jan 27, 2018 12:32:59.72 [Child 7228, Chrome_ChildThread] WARNING: pipe error: 109: file z:/build/build/src/ipc/chromium/src/chrome/common/ipc_channel_win.cc, line 346
Jan 27, 2018 12:32:59.73 Unable to read VR Path Registry from C:\Users\sridi\AppData\Local\openvr\openvrpaths.vrpath
Jan 27, 2018 12:32:59.73 [Child 11892, Chrome_ChildThread] WARNING: pipe error: 109: file z:/build/build/src/ipc/chromium/src/chrome/common/ipc_channel_win.cc, line 346
Jan 27, 2018 12:32:59.79 Unable to read VR Path Registry from C:\Users\sridi\AppData\Local\openvr\openvrpaths.vrpath
Jan 27, 2018 12:32:59.79 [Child 11996, Chrome_ChildThread] WARNING: pipe error: 109: file z:/build/build/src/ipc/chromium/src/chrome/common/ipc_channel_win.cc, line 346
Jan 27, 2018 12:33:00.63 Unable to read VR Path Registry from C:\Users\sridi\AppData\Local\openvr\openvrpaths.vrpath
Jan 27, 2018 12:33:00.63 [GPU 6992, Chrome_ChildThread] WARNING: pipe error: 109: file z:/build/build/src/ipc/chromium/src/chrome/common/ipc_channel_win.cc, line 346
Jan 27, 2018 12:33:00.71 
Jan 27, 2018 12:33:00.71 ###!!! [Child][MessageChannel::SendAndWait] Error: Channel error: cannot send/recv
Jan 27, 2018 12:33:00.71 
Jan 27, 2018 13:01:16.01 Unable to read VR Path Registry from C:\Users\sridi\AppData\Local\openvr\openvrpaths.vrpath
Jan 27, 2018 13:01:16.03 [Parent 8228, Gecko_IOThread] WARNING: pipe error: 109: file z:/build/build/src/ipc/chromium/src/chrome/common/ipc_channel_win.cc, line 346
Jan 27, 2018 13:01:16.03 Unable to read VR Path Registry from C:\Users\sridi\AppData\Local\openvr\openvrpaths.vrpath
Jan 27, 2018 13:01:16.03 [Child 3904, Chrome_ChildThread] WARNING: pipe error: 109: file z:/build/build/src/ipc/chromium/src/chrome/common/ipc_channel_win.cc, line 346
Jan 27, 2018 13:01:16.04 [Child 3904, Chrome_ChildThread] WARNING: pipe error: 109: file z:/build/build/src/ipc/chromium/src/chrome/common/ipc_channel_win.cc, line 346
Jan 27, 2018 13:01:16.05 
Jan 27, 2018 13:01:16.05 ###!!! [Child][MessageChannel] Error: (msgtype=0x150001,name=PBrowser::Msg_AsyncMessage) Closed channel: cannot send/recv
Jan 27, 2018 13:01:16.05 
Jan 27, 2018 13:01:16.05 
Jan 27, 2018 13:01:16.05 ###!!! [Parent][MessageChannel] Error: (msgtype=0x150090,name=PBrowser::Msg_UpdateNativeWindowHandle) Closed channel: cannot send/recv
Jan 27, 2018 13:01:16.05 
Jan 27, 2018 13:01:16.05 
Jan 27, 2018 13:01:16.05 ###!!! [Parent][MessageChannel] Error: (msgtype=0x150084,name=PBrowser::Msg_Destroy) Closed channel: cannot send/recv
Jan 27, 2018 13:01:16.05 
Jan 27, 2018 13:01:16.81 
Jan 27, 2018 13:01:16.81 ###!!! [Child][MessageChannel::SendAndWait] Error: Channel error: cannot send/recv
Jan 27, 2018 13:01:16.81 

Jan 28, 2018 17:54:41.85 NEW SESSION
Jan 28, 2018 17:54:41.88 Unable to read VR Path Registry from C:\Users\sridi\AppData\Local\openvr\openvrpaths.vrpath
Jan 28, 2018 17:54:41.90 [Parent 6968, Gecko_IOThread] WARNING: pipe error: 109: file z:/build/build/src/ipc/chromium/src/chrome/common/ipc_channel_win.cc, line 346
Jan 28, 2018 17:54:41.90 Unable to read VR Path Registry from C:\Users\sridi\AppData\Local\openvr\openvrpaths.vrpath
Jan 28, 2018 17:54:41.90 [Child 12412, Chrome_ChildThread] WARNING: pipe error: 109: file z:/build/build/src/ipc/chromium/src/chrome/common/ipc_channel_win.cc, line 346
Jan 28, 2018 17:54:41.90 [Child 12412, Chrome_ChildThread] WARNING: pipe error: 109: file z:/build/build/src/ipc/chromium/src/chrome/common/ipc_channel_win.cc, line 346
Jan 28, 2018 22:50:18.90 [Parent 6968, Gecko_IOThread] WARNING: pipe error: 109: file z:/build/build/src/ipc/chromium/src/chrome/common/ipc_channel_win.cc, line 346
Jan 28, 2018 22:50:18.97 Unable to read VR Path Registry from C:\Users\sridi\AppData\Local\openvr\openvrpaths.vrpath
Jan 28, 2018 22:50:18.97 [Child 5716, Chrome_ChildThread] WARNING: pipe error: 109: file z:/build/build/src/ipc/chromium/src/chrome/common/ipc_channel_win.cc, line 346
Jan 28, 2018 22:50:18.97 [Child 5716, Chrome_ChildThread] WARNING: pipe error: 109: file z:/build/build/src/ipc/chromium/src/chrome/common/ipc_channel_win.cc, line 346
Jan 28, 2018 22:50:20.31 [Parent 6968, Gecko_IOThread] WARNING: pipe error: 109: file z:/build/build/src/ipc/chromium/src/chrome/common/ipc_channel_win.cc, line 346
Jan 28, 2018 22:50:20.31 Unable to read VR Path Registry from C:\Users\sridi\AppData\Local\openvr\openvrpaths.vrpath
Jan 28, 2018 22:50:20.31 [Child 7628, Chrome_ChildThread] WARNING: pipe error: 109: file z:/build/build/src/ipc/chromium/src/chrome/common/ipc_channel_win.cc, line 346
Jan 28, 2018 22:50:20.31 [Child 7628, Chrome_ChildThread] WARNING: pipe error: 109: file z:/build/build/src/ipc/chromium/src/chrome/common/ipc_channel_win.cc, line 346
Jan 28, 2018 22:50:22.17 [Parent 6968, Gecko_IOThread] WARNING: pipe error: 109: file z:/build/build/src/ipc/chromium/src/chrome/common/ipc_channel_win.cc, line 346
Jan 28, 2018 22:50:22.17 Unable to read VR Path Registry from C:\Users\sridi\AppData\Local\openvr\openvrpaths.vrpath
Jan 28, 2018 22:50:22.18 [Child 3728, Chrome_ChildThread] WARNING: pipe error: 109: file z:/build/build/src/ipc/chromium/src/chrome/common/ipc_channel_win.cc, line 346
Jan 28, 2018 22:50:22.18 [Child 3728, Chrome_ChildThread] WARNING: pipe error: 109: file z:/build/build/src/ipc/chromium/src/chrome/common/ipc_channel_win.cc, line 346
Jan 28, 2018 22:50:27.32 [Parent 6968, Gecko_IOThread] WARNING: pipe error: 109: file z:/build/build/src/ipc/chromium/src/chrome/common/ipc_channel_win.cc, line 346
Jan 28, 2018 22:50:27.36 Unable to read VR Path Registry from C:\Users\sridi\AppData\Local\openvr\openvrpaths.vrpath
Jan 28, 2018 22:50:27.36 [Child 1664, Chrome_ChildThread] WARNING: pipe error: 109: file z:/build/build/src/ipc/chromium/src/chrome/common/ipc_channel_win.cc, line 346
Jan 28, 2018 22:50:27.36 [Child 1664, Chrome_ChildThread] WARNING: pipe error: 109: file z:/build/build/src/ipc/chromium/src/chrome/common/ipc_channel_win.cc, line 346
Jan 28, 2018 22:50:28.80 [Parent 6968, Gecko_IOThread] WARNING: pipe error: 109: file z:/build/build/src/ipc/chromium/src/chrome/common/ipc_channel_win.cc, line 346
Jan 28, 2018 22:50:28.81 Unable to read VR Path Registry from C:\Users\sridi\AppData\Local\openvr\openvrpaths.vrpath
Jan 28, 2018 22:50:28.81 [Child 2500, Chrome_ChildThread] WARNING: pipe error: 109: file z:/build/build/src/ipc/chromium/src/chrome/common/ipc_channel_win.cc, line 346
Jan 28, 2018 22:50:31.13 
Jan 28, 2018 22:50:31.13 ###!!! [Child][MessageChannel::SendAndWait] Error: Channel error: cannot send/recv
Jan 28, 2018 22:50:31.13 
Jan 28, 2018 22:55:32.46 Unable to read VR Path Registry from C:\Users\sridi\AppData\Local\openvr\openvrpaths.vrpath
Jan 28, 2018 22:55:32.47 [Child 9904, Chrome_ChildThread] WARNING: pipe error: 109: file z:/build/build/src/ipc/chromium/src/chrome/common/ipc_channel_win.cc, line 346
Jan 28, 2018 22:55:32.47 [Child 9904, Chrome_ChildThread] WARNING: pipe error: 109: file z:/build/build/src/ipc/chromium/src/chrome/common/ipc_channel_win.cc, line 346
Jan 28, 2018 22:55:32.47 Unable to read VR Path Registry from C:\Users\sridi\AppData\Local\openvr\openvrpaths.vrpath
Jan 28, 2018 22:55:32.47 [Child 3828, Chrome_ChildThread] WARNING: pipe error: 109: file z:/build/build/src/ipc/chromium/src/chrome/common/ipc_channel_win.cc, line 346
Jan 28, 2018 22:55:32.49 
Jan 28, 2018 22:55:32.49 ###!!! [Parent][MessageChannel] Error: (msgtype=0x150090,name=PBrowser::Msg_UpdateNativeWindowHandle) Closed channel: cannot send/recv
Jan 28, 2018 22:55:32.51 
Jan 28, 2018 22:55:32.51 
Jan 28, 2018 22:55:32.51 ###!!! [Parent][MessageChannel] Error: (msgtype=0x150084,name=PBrowser::Msg_Destroy) Closed channel: cannot send/recv
Jan 28, 2018 22:55:32.51 
Jan 28, 2018 22:55:32.51 
Jan 28, 2018 22:55:32.51 ###!!! [Child][MessageChannel] Error: (msgtype=0x150001,name=PBrowser::Msg_AsyncMessage) Closed channel: cannot send/recv
Jan 28, 2018 22:55:32.51 
Jan 28, 2018 22:55:33.43 
Jan 28, 2018 22:55:33.43 ###!!! [Child][MessageChannel::SendAndWait] Error: Channel error: cannot send/recv
Jan 28, 2018 22:55:33.43 
Jan 28, 2018 22:55:33.67 Unable to read VR Path Registry from C:\Users\sridi\AppData\Local\openvr\openvrpaths.vrpath

Jan 29, 2018 23:12:46.43 NEW SESSION
Jan 29, 2018 23:12:46.44 Unable to read VR Path Registry from C:\Users\sridi\AppData\Local\openvr\openvrpaths.vrpath
Jan 29, 2018 23:14:15.35 ??????????p: T??????????p: TUnable to read VR Path Registry from C:\Users\sridi\AppData\Local\openvr\openvrpaths.vrpath
Jan 29, 2018 23:14:15.35 [Parent 3888, Gecko_IOThread] WARNING: pipe error: 109: file z:/build/build/src/ipc/chromium/src/chrome/common/ipc_channel_win.cc, line 346
Jan 29, 2018 23:14:15.35 Unable to read VR Path Registry from C:\Users\sridi\AppData\Local\openvr\openvrpaths.vrpath
Jan 29, 2018 23:14:15.36 [Child 10876, Chrome_ChildThread] WARNING: pipe error: 109: file z:/build/build/src/ipc/chromium/src/chrome/common/ipc_channel_win.cc, line 346
Jan 29, 2018 23:14:15.36 [Child 10876, Chrome_ChildThread] WARNING: pipe error: 109: file z:/build/build/src/ipc/chromium/src/chrome/common/ipc_channel_win.cc, line 346
